<?xml version="1.0" encoding="UTF-8"?>
<testsuite xmlns:xsi="http://www.w3.org/2001/XMLSchema-instance" xsi:noNamespaceSchemaLocation="https://maven.apache.org/surefire/maven-surefire-plugin/xsd/surefire-test-report-3.0.xsd" version="3.0" name="com.epam.summer19.model.OrdersTest" time="0.093" tests="3" errors="0" skipped="0" failures="0">
  <properties>
[...]
</properties>
  <testcase name="getEntityName" classname="com.epam.summer19.model.OrdersTest" time="0.002"/>
  <testcase name="getEntityId" classname="com.epam.summer19.model.OrdersTest" time="0"/>
  <testcase name="getEntityCount" classname="com.epam.summer19.model.OrdersTest" time="0.001"/>
</testsuite>